<?xml version="1.0" encoding="UTF-8"?>
<testsuite xmlns:xsi="http://www.w3.org/2001/XMLSchema-instance" xsi:noNamespaceSchemaLocation="https://maven.apache.org/surefire/maven-surefire-plugin/xsd/surefire-test-report.xsd" name="com.example.diversity.services.CSVImportServiceTest" time="1.632" tests="1" errors="1" skipped="0" failures="0">
  <properties>
    <property name="java.specification.version" value="15"/>
    <property name="sun.jnu.encoding" value="UTF-8"/>
    <property name="java.class.path" value="/Users/ezubkoff/Desktop/github/Diversity/springBoot-diversity/target/test-classes:/Users/ezubkoff/Desktop/github/Diversity/springBoot-diversity/target/classes:/Users/ezubkoff/.m2/repository/org/springframework/boot/spring-boot-starter-jdbc/2.4.0/spring-boot-starter-jdbc-2.4.0.jar:/Users/ezubkoff/.m2/repository/org/springframework/boot/spring-boot-starter/2.4.0/spring-boot-starter-2.4.0.jar:/Users/ezubkoff/.m2/repository/org/springframework/boot/spring-boot-starter-logging/2.4.0/spring-boot-starter-logging-2.4.0.jar:/Users/ezubkoff/.m2/repository/ch/qos/logback/logback-classic/1.2.3/logback-classic-1.2.3.jar:/Users/ezubkoff/.m2/repository/ch/qos/logback/logback-core/1.2.3/logback-core-1.2.3.jar:/Users/ezubkoff/.m2/repository/org/apache/logging/log4j/log4j-to-slf4j/2.13.3/log4j-to-slf4j-2.13.3.jar:/Users/ezubkoff/.m2/repository/org/apache/logging/log4j/log4j-api/2.13.3/log4j-api-2.13.3.jar:/Users/ezubkoff/.m2/repository/org/slf4j/jul-to-slf4j/1.7.30/jul-to-slf4j-1.7.30.jar:/Users/ezubkoff/.m2/repository/jakarta/annotation/jakarta.annotation-api/1.3.5/jakarta.annotation-api-1.3.5.jar:/Users/ezubkoff/.m2/repository/org/yaml/snakeyaml/1.27/snakeyaml-1.27.jar:/Users/ezubkoff/.m2/repository/com/zaxxer/HikariCP/3.4.5/HikariCP-3.4.5.jar:/Users/ezubkoff/.m2/repository/org/slf4j/slf4j-api/1.7.30/slf4j-api-1.7.30.jar:/Users/ezubkoff/.m2/repository/org/springframework/spring-jdbc/5.3.1/spring-jdbc-5.3.1.jar:/Users/ezubkoff/.m2/repository/org/springframework/spring-tx/5.3.1/spring-tx-5.3.1.jar:/Users/ezubkoff/.m2/repository/org/springframework/boot/spring-boot-starter-thymeleaf/2.4.0/spring-boot-starter-thymeleaf-2.4.0.jar:/Users/ezubkoff/.m2/repository/org/thymeleaf/thymeleaf-spring5/3.0.11.RELEASE/thymeleaf-spring5-3.0.11.RELEASE.jar:/Users/ezubkoff/.m2/repository/org/thymeleaf/thymeleaf/3.0.11.RELEASE/thymeleaf-3.0.11.RELEASE.jar:/Users/ezubkoff/.m2/repository/org/attoparser/attoparser/2.0.5.RELEASE/attoparser-2.0.5.RELEASE.jar:/Users/ezubkoff/.m2/repository/org/unbescape/unbescape/1.1.6.RELEASE/unbescape-1.1.6.RELEASE.jar:/Users/ezubkoff/.m2/repository/org/thymeleaf/extras/thymeleaf-extras-java8time/3.0.4.RELEASE/thymeleaf-extras-java8time-3.0.4.RELEASE.jar:/Users/ezubkoff/.m2/repository/org/springframework/boot/spring-boot-starter-web/2.4.0/spring-boot-starter-web-2.4.0.jar:/Users/ezubkoff/.m2/repository/org/springframework/boot/spring-boot-starter-json/2.4.0/spring-boot-starter-json-2.4.0.jar:/Users/ezubkoff/.m2/repository/com/fasterxml/jackson/core/jackson-databind/2.11.3/jackson-databind-2.11.3.jar:/Users/ezubkoff/.m2/repository/com/fasterxml/jackson/core/jackson-annotations/2.11.3/jackson-annotations-2.11.3.jar:/Users/ezubkoff/.m2/repository/com/fasterxml/jackson/core/jackson-core/2.11.3/jackson-core-2.11.3.jar:/Users/ezubkoff/.m2/repository/com/fasterxml/jackson/datatype/jackson-datatype-jdk8/2.11.3/jackson-datatype-jdk8-2.11.3.jar:/Users/ezubkoff/.m2/repository/com/fasterxml/jackson/datatype/jackson-datatype-jsr310/2.11.3/jackson-datatype-jsr310-2.11.3.jar:/Users/ezubkoff/.m2/repository/com/fasterxml/jackson/module/jackson-module-parameter-names/2.11.3/jackson-module-parameter-names-2.11.3.jar:/Users/ezubkoff/.m2/repository/org/springframework/boot/spring-boot-starter-tomcat/2.4.0/spring-boot-starter-tomcat-2.4.0.jar:/Users/ezubkoff/.m2/repository/org/apache/tomcat/embed/tomcat-embed-core/9.0.39/tomcat-embed-core-9.0.39.jar:/Users/ezubkoff/.m2/repository/org/glassfish/jakarta.el/3.0.3/jakarta.el-3.0.3.jar:/Users/ezubkoff/.m2/repository/org/apache/tomcat/embed/tomcat-embed-websocket/9.0.39/tomcat-embed-websocket-9.0.39.jar:/Users/ezubkoff/.m2/repository/org/springframework/spring-web/5.3.1/spring-web-5.3.1.jar:/Users/ezubkoff/.m2/repository/org/springframework/spring-webmvc/5.3.1/spring-webmvc-5.3.1.jar:/Users/ezubkoff/.m2/repository/org/springframework/boot/spring-boot-devtools/2.4.0/spring-boot-devtools-2.4.0.jar:/Users/ezubkoff/.m2/repository/org/springframework/boot/spring-boot/2.4.0/spring-boot-2.4.0.jar:/Users/ezubkoff/.m2/repository/org/springframework/boot/spring-boot-autoconfigure/2.4.0/spring-boot-autoconfigure-2.4.0.jar:/Users/ezubkoff/.m2/repository/org/postgresql/postgresql/42.2.18/postgresql-42.2.18.jar:/Users/ezubkoff/.m2/repository/org/checkerframework/checker-qual/3.5.0/checker-qual-3.5.0.jar:/Users/ezubkoff/.m2/repository/org/springframework/boot/spring-boot-starter-test/2.4.0/spring-boot-starter-test-2.4.0.jar:/Users/ezubkoff/.m2/repository/org/springframework/boot/spring-boot-test/2.4.0/spring-boot-test-2.4.0.jar:/Users/ezubkoff/.m2/repository/org/springframework/boot/spring-boot-test-autoconfigure/2.4.0/spring-boot-test-autoconfigure-2.4.0.jar:/Users/ezubkoff/.m2/repository/com/jayway/jsonpath/json-path/2.4.0/json-path-2.4.0.jar:/Users/ezubkoff/.m2/repository/net/minidev/json-smart/2.3/json-smart-2.3.jar:/Users/ezubkoff/.m2/repository/net/minidev/accessors-smart/1.2/accessors-smart-1.2.jar:/Users/ezubkoff/.m2/repository/org/ow2/asm/asm/5.0.4/asm-5.0.4.jar:/Users/ezubkoff/.m2/repository/jakarta/xml/bind/jakarta.xml.bind-api/2.3.3/jakarta.xml.bind-api-2.3.3.jar:/Users/ezubkoff/.m2/repository/jakarta/activation/jakarta.activation-api/1.2.2/jakarta.activation-api-1.2.2.jar:/Users/ezubkoff/.m2/repository/org/assertj/assertj-core/3.18.1/assertj-core-3.18.1.jar:/Users/ezubkoff/.m2/repository/org/hamcrest/hamcrest/2.2/hamcrest-2.2.jar:/Users/ezubkoff/.m2/repository/org/junit/jupiter/junit-jupiter/5.7.0/junit-jupiter-5.7.0.jar:/Users/ezubkoff/.m2/repository/org/junit/jupiter/junit-jupiter-api/5.7.0/junit-jupiter-api-5.7.0.jar:/Users/ezubkoff/.m2/repository/org/apiguardian/apiguardian-api/1.1.0/apiguardian-api-1.1.0.jar:/Users/ezubkoff/.m2/repository/org/opentest4j/opentest4j/1.2.0/opentest4j-1.2.0.jar:/Users/ezubkoff/.m2/repository/org/junit/platform/junit-platform-commons/1.7.0/junit-platform-commons-1.7.0.jar:/Users/ezubkoff/.m2/repository/org/junit/jupiter/junit-jupiter-params/5.7.0/junit-jupiter-params-5.7.0.jar:/Users/ezubkoff/.m2/repository/org/junit/jupiter/junit-jupiter-engine/5.7.0/junit-jupiter-engine-5.7.0.jar:/Users/ezubkoff/.m2/repository/org/junit/platform/junit-platform-engine/1.7.0/junit-platform-engine-1.7.0.jar:/Users/ezubkoff/.m2/repository/org/mockito/mockito-core/3.6.0/mockito-core-3.6.0.jar:/Users/ezubkoff/.m2/repository/net/bytebuddy/byte-buddy/1.10.18/byte-buddy-1.10.18.jar:/Users/ezubkoff/.m2/repository/net/bytebuddy/byte-buddy-agent/1.10.18/byte-buddy-agent-1.10.18.jar:/Users/ezubkoff/.m2/repository/org/objenesis/objenesis/3.1/objenesis-3.1.jar:/Users/ezubkoff/.m2/repository/org/mockito/mockito-junit-jupiter/3.6.0/mockito-junit-jupiter-3.6.0.jar:/Users/ezubkoff/.m2/repository/org/skyscreamer/jsonassert/1.5.0/jsonassert-1.5.0.jar:/Users/ezubkoff/.m2/repository/com/vaadin/external/google/android-json/0.0.20131108.vaadin1/android-json-0.0.20131108.vaadin1.jar:/Users/ezubkoff/.m2/repository/org/springframework/spring-core/5.3.1/spring-core-5.3.1.jar:/Users/ezubkoff/.m2/repository/org/springframework/spring-jcl/5.3.1/spring-jcl-5.3.1.jar:/Users/ezubkoff/.m2/repository/org/springframework/spring-test/5.3.1/spring-test-5.3.1.jar:/Users/ezubkoff/.m2/repository/org/xmlunit/xmlunit-core/2.7.0/xmlunit-core-2.7.0.jar:/Users/ezubkoff/.m2/repository/org/springframework/security/spring-security-web/5.4.1/spring-security-web-5.4.1.jar:/Users/ezubkoff/.m2/repository/org/springframework/security/spring-security-core/5.4.1/spring-security-core-5.4.1.jar:/Users/ezubkoff/.m2/repository/org/springframework/spring-aop/5.3.1/spring-aop-5.3.1.jar:/Users/ezubkoff/.m2/repository/org/springframework/spring-beans/5.3.1/spring-beans-5.3.1.jar:/Users/ezubkoff/.m2/repository/org/springframework/spring-context/5.3.1/spring-context-5.3.1.jar:/Users/ezubkoff/.m2/repository/org/springframework/spring-expression/5.3.1/spring-expression-5.3.1.jar:/Users/ezubkoff/.m2/repository/org/springframework/security/spring-security-config/5.4.1/spring-security-config-5.4.1.jar:"/>
    <property name="java.vm.vendor" value="Oracle Corporation"/>
    <property name="sun.arch.data.model" value="64"/>
    <property name="java.vendor.url" value="https://java.oracle.com/"/>
    <property name="os.name" value="Mac OS X"/>
    <property name="java.vm.specification.version" value="15"/>
    <property name="sun.java.launcher" value="SUN_STANDARD"/>
    <property name="user.country" value="US"/>
    <property name="sun.boot.library.path" value="/Users/ezubkoff/Library/Java/JavaVirtualMachines/openjdk-15/Contents/Home/lib"/>
    <property name="sun.java.command" value="/Users/ezubkoff/Desktop/github/Diversity/springBoot-diversity/target/surefire/surefirebooter3943503636975845113.jar /Users/ezubkoff/Desktop/github/Diversity/springBoot-diversity/target/surefire 2020-12-14T11-08-46_550-jvmRun1 surefire4306746162626311550tmp surefire_011948502970046792737tmp"/>
    <property name="http.nonProxyHosts" value="local|*.local|169.254/16|*.169.254/16"/>
    <property name="jdk.debug" value="release"/>
    <property name="surefire.test.class.path" value="/Users/ezubkoff/Desktop/github/Diversity/springBoot-diversity/target/test-classes:/Users/ezubkoff/Desktop/github/Diversity/springBoot-diversity/target/classes:/Users/ezubkoff/.m2/repository/org/springframework/boot/spring-boot-starter-jdbc/2.4.0/spring-boot-starter-jdbc-2.4.0.jar:/Users/ezubkoff/.m2/repository/org/springframework/boot/spring-boot-starter/2.4.0/spring-boot-starter-2.4.0.jar:/Users/ezubkoff/.m2/repository/org/springframework/boot/spring-boot-starter-logging/2.4.0/spring-boot-starter-logging-2.4.0.jar:/Users/ezubkoff/.m2/repository/ch/qos/logback/logback-classic/1.2.3/logback-classic-1.2.3.jar:/Users/ezubkoff/.m2/repository/ch/qos/logback/logback-core/1.2.3/logback-core-1.2.3.jar:/Users/ezubkoff/.m2/repository/org/apache/logging/log4j/log4j-to-slf4j/2.13.3/log4j-to-slf4j-2.13.3.jar:/Users/ezubkoff/.m2/repository/org/apache/logging/log4j/log4j-api/2.13.3/log4j-api-2.13.3.jar:/Users/ezubkoff/.m2/repository/org/slf4j/jul-to-slf4j/1.7.30/jul-to-slf4j-1.7.30.jar:/Users/ezubkoff/.m2/repository/jakarta/annotation/jakarta.annotation-api/1.3.5/jakarta.annotation-api-1.3.5.jar:/Users/ezubkoff/.m2/repository/org/yaml/snakeyaml/1.27/snakeyaml-1.27.jar:/Users/ezubkoff/.m2/repository/com/zaxxer/HikariCP/3.4.5/HikariCP-3.4.5.jar:/Users/ezubkoff/.m2/repository/org/slf4j/slf4j-api/1.7.30/slf4j-api-1.7.30.jar:/Users/ezubkoff/.m2/repository/org/springframework/spring-jdbc/5.3.1/spring-jdbc-5.3.1.jar:/Users/ezubkoff/.m2/repository/org/springframework/spring-tx/5.3.1/spring-tx-5.3.1.jar:/Users/ezubkoff/.m2/repository/org/springframework/boot/spring-boot-starter-thymeleaf/2.4.0/spring-boot-starter-thymeleaf-2.4.0.jar:/Users/ezubkoff/.m2/repository/org/thymeleaf/thymeleaf-spring5/3.0.11.RELEASE/thymeleaf-spring5-3.0.11.RELEASE.jar:/Users/ezubkoff/.m2/repository/org/thymeleaf/thymeleaf/3.0.11.RELEASE/thymeleaf-3.0.11.RELEASE.jar:/Users/ezubkoff/.m2/repository/org/attoparser/attoparser/2.0.5.RELEASE/attoparser-2.0.5.RELEASE.jar:/Users/ezubkoff/.m2/repository/org/unbescape/unbescape/1.1.6.RELEASE/unbescape-1.1.6.RELEASE.jar:/Users/ezubkoff/.m2/repository/org/thymeleaf/extras/thymeleaf-extras-java8time/3.0.4.RELEASE/thymeleaf-extras-java8time-3.0.4.RELEASE.jar:/Users/ezubkoff/.m2/repository/org/springframework/boot/spring-boot-starter-web/2.4.0/spring-boot-starter-web-2.4.0.jar:/Users/ezubkoff/.m2/repository/org/springframework/boot/spring-boot-starter-json/2.4.0/spring-boot-starter-json-2.4.0.jar:/Users/ezubkoff/.m2/repository/com/fasterxml/jackson/core/jackson-databind/2.11.3/jackson-databind-2.11.3.jar:/Users/ezubkoff/.m2/repository/com/fasterxml/jackson/core/jackson-annotations/2.11.3/jackson-annotations-2.11.3.jar:/Users/ezubkoff/.m2/repository/com/fasterxml/jackson/core/jackson-core/2.11.3/jackson-core-2.11.3.jar:/Users/ezubkoff/.m2/repository/com/fasterxml/jackson/datatype/jackson-datatype-jdk8/2.11.3/jackson-datatype-jdk8-2.11.3.jar:/Users/ezubkoff/.m2/repository/com/fasterxml/jackson/datatype/jackson-datatype-jsr310/2.11.3/jackson-datatype-jsr310-2.11.3.jar:/Users/ezubkoff/.m2/repository/com/fasterxml/jackson/module/jackson-module-parameter-names/2.11.3/jackson-module-parameter-names-2.11.3.jar:/Users/ezubkoff/.m2/repository/org/springframework/boot/spring-boot-starter-tomcat/2.4.0/spring-boot-starter-tomcat-2.4.0.jar:/Users/ezubkoff/.m2/repository/org/apache/tomcat/embed/tomcat-embed-core/9.0.39/tomcat-embed-core-9.0.39.jar:/Users/ezubkoff/.m2/repository/org/glassfish/jakarta.el/3.0.3/jakarta.el-3.0.3.jar:/Users/ezubkoff/.m2/repository/org/apache/tomcat/embed/tomcat-embed-websocket/9.0.39/tomcat-embed-websocket-9.0.39.jar:/Users/ezubkoff/.m2/repository/org/springframework/spring-web/5.3.1/spring-web-5.3.1.jar:/Users/ezubkoff/.m2/repository/org/springframework/spring-webmvc/5.3.1/spring-webmvc-5.3.1.jar:/Users/ezubkoff/.m2/repository/org/springframework/boot/spring-boot-devtools/2.4.0/spring-boot-devtools-2.4.0.jar:/Users/ezubkoff/.m2/repository/org/springframework/boot/spring-boot/2.4.0/spring-boot-2.4.0.jar:/Users/ezubkoff/.m2/repository/org/springframework/boot/spring-boot-autoconfigure/2.4.0/spring-boot-autoconfigure-2.4.0.jar:/Users/ezubkoff/.m2/repository/org/postgresql/postgresql/42.2.18/postgresql-42.2.18.jar:/Users/ezubkoff/.m2/repository/org/checkerframework/checker-qual/3.5.0/checker-qual-3.5.0.jar:/Users/ezubkoff/.m2/repository/org/springframework/boot/spring-boot-starter-test/2.4.0/spring-boot-starter-test-2.4.0.jar:/Users/ezubkoff/.m2/repository/org/springframework/boot/spring-boot-test/2.4.0/spring-boot-test-2.4.0.jar:/Users/ezubkoff/.m2/repository/org/springframework/boot/spring-boot-test-autoconfigure/2.4.0/spring-boot-test-autoconfigure-2.4.0.jar:/Users/ezubkoff/.m2/repository/com/jayway/jsonpath/json-path/2.4.0/json-path-2.4.0.jar:/Users/ezubkoff/.m2/repository/net/minidev/json-smart/2.3/json-smart-2.3.jar:/Users/ezubkoff/.m2/repository/net/minidev/accessors-smart/1.2/accessors-smart-1.2.jar:/Users/ezubkoff/.m2/repository/org/ow2/asm/asm/5.0.4/asm-5.0.4.jar:/Users/ezubkoff/.m2/repository/jakarta/xml/bind/jakarta.xml.bind-api/2.3.3/jakarta.xml.bind-api-2.3.3.jar:/Users/ezubkoff/.m2/repository/jakarta/activation/jakarta.activation-api/1.2.2/jakarta.activation-api-1.2.2.jar:/Users/ezubkoff/.m2/repository/org/assertj/assertj-core/3.18.1/assertj-core-3.18.1.jar:/Users/ezubkoff/.m2/repository/org/hamcrest/hamcrest/2.2/hamcrest-2.2.jar:/Users/ezubkoff/.m2/repository/org/junit/jupiter/junit-jupiter/5.7.0/junit-jupiter-5.7.0.jar:/Users/ezubkoff/.m2/repository/org/junit/jupiter/junit-jupiter-api/5.7.0/junit-jupiter-api-5.7.0.jar:/Users/ezubkoff/.m2/repository/org/apiguardian/apiguardian-api/1.1.0/apiguardian-api-1.1.0.jar:/Users/ezubkoff/.m2/repository/org/opentest4j/opentest4j/1.2.0/opentest4j-1.2.0.jar:/Users/ezubkoff/.m2/repository/org/junit/platform/junit-platform-commons/1.7.0/junit-platform-commons-1.7.0.jar:/Users/ezubkoff/.m2/repository/org/junit/jupiter/junit-jupiter-params/5.7.0/junit-jupiter-params-5.7.0.jar:/Users/ezubkoff/.m2/repository/org/junit/jupiter/junit-jupiter-engine/5.7.0/junit-jupiter-engine-5.7.0.jar:/Users/ezubkoff/.m2/repository/org/junit/platform/junit-platform-engine/1.7.0/junit-platform-engine-1.7.0.jar:/Users/ezubkoff/.m2/repository/org/mockito/mockito-core/3.6.0/mockito-core-3.6.0.jar:/Users/ezubkoff/.m2/repository/net/bytebuddy/byte-buddy/1.10.18/byte-buddy-1.10.18.jar:/Users/ezubkoff/.m2/repository/net/bytebuddy/byte-buddy-agent/1.10.18/byte-buddy-agent-1.10.18.jar:/Users/ezubkoff/.m2/repository/org/objenesis/objenesis/3.1/objenesis-3.1.jar:/Users/ezubkoff/.m2/repository/org/mockito/mockito-junit-jupiter/3.6.0/mockito-junit-jupiter-3.6.0.jar:/Users/ezubkoff/.m2/repository/org/skyscreamer/jsonassert/1.5.0/jsonassert-1.5.0.jar:/Users/ezubkoff/.m2/repository/com/vaadin/external/google/android-json/0.0.20131108.vaadin1/android-json-0.0.20131108.vaadin1.jar:/Users/ezubkoff/.m2/repository/org/springframework/spring-core/5.3.1/spring-core-5.3.1.jar:/Users/ezubkoff/.m2/repository/org/springframework/spring-jcl/5.3.1/spring-jcl-5.3.1.jar:/Users/ezubkoff/.m2/repository/org/springframework/spring-test/5.3.1/spring-test-5.3.1.jar:/Users/ezubkoff/.m2/repository/org/xmlunit/xmlunit-core/2.7.0/xmlunit-core-2.7.0.jar:/Users/ezubkoff/.m2/repository/org/springframework/security/spring-security-web/5.4.1/spring-security-web-5.4.1.jar:/Users/ezubkoff/.m2/repository/org/springframework/security/spring-security-core/5.4.1/spring-security-core-5.4.1.jar:/Users/ezubkoff/.m2/repository/org/springframework/spring-aop/5.3.1/spring-aop-5.3.1.jar:/Users/ezubkoff/.m2/repository/org/springframework/spring-beans/5.3.1/spring-beans-5.3.1.jar:/Users/ezubkoff/.m2/repository/org/springframework/spring-context/5.3.1/spring-context-5.3.1.jar:/Users/ezubkoff/.m2/repository/org/springframework/spring-expression/5.3.1/spring-expression-5.3.1.jar:/Users/ezubkoff/.m2/repository/org/springframework/security/spring-security-config/5.4.1/spring-security-config-5.4.1.jar:"/>
    <property name="sun.cpu.endian" value="little"/>
    <property name="user.home" value="/Users/ezubkoff"/>
    <property name="user.language" value="en"/>
    <property name="java.specification.vendor" value="Oracle Corporation"/>
    <property name="java.version.date" value="2020-09-15"/>
    <property name="java.home" value="/Users/ezubkoff/Library/Java/JavaVirtualMachines/openjdk-15/Contents/Home"/>
    <property name="file.separator" value="/"/>
    <property name="basedir" value="/Users/ezubkoff/Desktop/github/Diversity/springBoot-diversity"/>
    <property name="java.vm.compressedOopsMode" value="Zero based"/>
    <property name="line.separator" value="&#10;"/>
    <property name="java.specification.name" value="Java Platform API Specification"/>
    <property name="java.vm.specification.vendor" value="Oracle Corporation"/>
    <property name="surefire.real.class.path" value="/Users/ezubkoff/Desktop/github/Diversity/springBoot-diversity/target/surefire/surefirebooter3943503636975845113.jar"/>
    <property name="sun.management.compiler" value="HotSpot 64-Bit Tiered Compilers"/>
    <property name="ftp.nonProxyHosts" value="local|*.local|169.254/16|*.169.254/16"/>
    <property name="java.runtime.version" value="15+36-1562"/>
    <property name="user.name" value="ezubkoff"/>
    <property name="path.separator" value=":"/>
    <property name="os.version" value="10.16"/>
    <property name="java.runtime.name" value="OpenJDK Runtime Environment"/>
    <property name="file.encoding" value="UTF-8"/>
    <property name="java.vm.name" value="OpenJDK 64-Bit Server VM"/>
    <property name="localRepository" value="/Users/ezubkoff/.m2/repository"/>
    <property name="java.vendor.url.bug" value="https://bugreport.java.com/bugreport/"/>
    <property name="java.io.tmpdir" value="/var/folders/gv/3ndkjq5d38l3th4t39mvyy_h0000gp/T/"/>
    <property name="idea.version" value="2020.2.4"/>
    <property name="java.version" value="15"/>
    <property name="user.dir" value="/Users/ezubkoff/Desktop/github/Diversity/springBoot-diversity"/>
    <property name="os.arch" value="x86_64"/>
    <property name="java.vm.specification.name" value="Java Virtual Machine Specification"/>
    <property name="java.library.path" value="/Users/ezubkoff/Library/Java/Extensions:/Library/Java/Extensions:/Network/Library/Java/Extensions:/System/Library/Java/Extensions:/usr/lib/java:."/>
    <property name="java.vm.info" value="mixed mode, sharing"/>
    <property name="java.vendor" value="Oracle Corporation"/>
    <property name="java.vm.version" value="15+36-1562"/>
    <property name="sun.io.unicode.encoding" value="UnicodeBig"/>
    <property name="socksNonProxyHosts" value="local|*.local|169.254/16|*.169.254/16"/>
    <property name="java.class.version" value="59.0"/>
  </properties>
  <testcase name="importSenators" classname="com.example.diversity.services.CSVImportServiceTest" time="1.142">
    <error message="StatementCallback; SQL [INSERT INTO public.senators(&#10;	&quot;personId&quot;, &quot;yearStart&quot;, &quot;yearEnd&quot;, state)&#10;	VALUES (&apos;3&apos;, &apos;1987-01-01&apos;, &apos;2020-01-01&apos;, &apos;Alabama&apos;);]; ERROR: duplicate key value violates unique constraint &quot;senators_pkey&quot;&#10;  Detail: Key (&quot;personId&quot;, &quot;yearStart&quot;)=(3, 1987-01-01) already exists.; nested exception is org.postgresql.util.PSQLException: ERROR: duplicate key value violates unique constraint &quot;senators_pkey&quot;&#10;  Detail: Key (&quot;personId&quot;, &quot;yearStart&quot;)=(3, 1987-01-01) already exists." type="org.springframework.dao.DuplicateKeyException">org.springframework.dao.DuplicateKeyException: 
StatementCallback; SQL [INSERT INTO public.senators(
	"personId", "yearStart", "yearEnd", state)
	VALUES ('3', '1987-01-01', '2020-01-01', 'Alabama');]; ERROR: duplicate key value violates unique constraint "senators_pkey"
  Detail: Key ("personId", "yearStart")=(3, 1987-01-01) already exists.; nested exception is org.postgresql.util.PSQLException: ERROR: duplicate key value violates unique constraint "senators_pkey"
  Detail: Key ("personId", "yearStart")=(3, 1987-01-01) already exists.
	at com.example.diversity.services.CSVImportServiceTest.importSenators(CSVImportServiceTest.java:23)
Caused by: org.postgresql.util.PSQLException: 
ERROR: duplicate key value violates unique constraint "senators_pkey"
  Detail: Key ("personId", "yearStart")=(3, 1987-01-01) already exists.
	at com.example.diversity.services.CSVImportServiceTest.importSenators(CSVImportServiceTest.java:23)
</error>
    <system-out><![CDATA[2020-12-14 11:08:54.885  INFO 66606 --- [           main] .b.t.c.SpringBootTestContextBootstrapper : Neither @ContextConfiguration nor @ContextHierarchy found for test class [com.example.diversity.services.CSVImportServiceTest], using SpringBootContextLoader
2020-12-14 11:08:54.886  INFO 66606 --- [           main] o.s.t.c.support.AbstractContextLoader    : Could not detect default resource locations for test class [com.example.diversity.services.CSVImportServiceTest]: no resource found for suffixes {-context.xml, Context.groovy}.
2020-12-14 11:08:54.886  INFO 66606 --- [           main] t.c.s.AnnotationConfigContextLoaderUtils : Could not detect default configuration classes for test class [com.example.diversity.services.CSVImportServiceTest]: CSVImportServiceTest does not declare any static, non-private, non-final, nested classes annotated with @Configuration.
2020-12-14 11:08:54.894  INFO 66606 --- [           main] .b.t.c.SpringBootTestContextBootstrapper : Found @SpringBootConfiguration com.example.diversity.DiversityApplication for test class com.example.diversity.services.CSVImportServiceTest
2020-12-14 11:08:54.895  INFO 66606 --- [           main] .b.t.c.SpringBootTestContextBootstrapper : Loaded default TestExecutionListener class names from location [META-INF/spring.factories]: [org.springframework.boot.test.mock.mockito.MockitoTestExecutionListener, org.springframework.boot.test.mock.mockito.ResetMocksTestExecutionListener, org.springframework.boot.test.autoconfigure.restdocs.RestDocsTestExecutionListener, org.springframework.boot.test.autoconfigure.web.client.MockRestServiceServerResetTestExecutionListener, org.springframework.boot.test.autoconfigure.web.servlet.MockMvcPrintOnlyOnFailureTestExecutionListener, org.springframework.boot.test.autoconfigure.web.servlet.WebDriverTestExecutionListener, org.springframework.boot.test.autoconfigure.webservices.client.MockWebServiceServerTestExecutionListener, org.springframework.test.context.web.ServletTestExecutionListener, org.springframework.test.context.support.DirtiesContextBeforeModesTestExecutionListener, org.springframework.test.context.support.DependencyInjectionTestExecutionListener, org.springframework.test.context.support.DirtiesContextTestExecutionListener, org.springframework.test.context.transaction.TransactionalTestExecutionListener, org.springframework.test.context.jdbc.SqlScriptsTestExecutionListener, org.springframework.test.context.event.EventPublishingTestExecutionListener]
2020-12-14 11:08:54.896  INFO 66606 --- [           main] .b.t.c.SpringBootTestContextBootstrapper : Using TestExecutionListeners: [org.springframework.test.context.web.ServletTestExecutionListener@9281d19, org.springframework.test.context.support.DirtiesContextBeforeModesTestExecutionListener@36ad5f2a, org.springframework.boot.test.mock.mockito.MockitoTestExecutionListener@53cddaf8, org.springframework.boot.test.autoconfigure.SpringBootDependencyInjectionTestExecutionListener@55c50f52, org.springframework.test.context.support.DirtiesContextTestExecutionListener@1ccc1026, org.springframework.test.context.transaction.TransactionalTestExecutionListener@4044589a, org.springframework.test.context.jdbc.SqlScriptsTestExecutionListener@7de35070, org.springframework.test.context.event.EventPublishingTestExecutionListener@216f01, org.springframework.boot.test.mock.mockito.ResetMocksTestExecutionListener@7c901203, org.springframework.boot.test.autoconfigure.restdocs.RestDocsTestExecutionListener@1e721583, org.springframework.boot.test.autoconfigure.web.client.MockRestServiceServerResetTestExecutionListener@79f5a6ed, org.springframework.boot.test.autoconfigure.web.servlet.MockMvcPrintOnlyOnFailureTestExecutionListener@722787b5, org.springframework.boot.test.autoconfigure.web.servlet.WebDriverTestExecutionListener@edb83f8, org.springframework.boot.test.autoconfigure.webservices.client.MockWebServiceServerTestExecutionListener@8b41ad]

  .   ____          _            __ _ _
 /\\ / ___'_ __ _ _(_)_ __  __ _ \ \ \ \
( ( )\___ | '_ | '_| | '_ \/ _` | \ \ \ \
 \\/  ___)| |_)| | | | | || (_| |  ) ) ) )
  '  |____| .__|_| |_|_| |_\__, | / / / /
 =========|_|==============|___/=/_/_/_/
 :: Spring Boot ::                (v2.4.0)

2020-12-14 11:08:54.918  INFO 66606 --- [           main] c.e.d.services.CSVImportServiceTest      : Starting CSVImportServiceTest using Java 15 on C02CWQ7AML7H.local with PID 66606 (started by ezubkoff in /Users/ezubkoff/Desktop/github/Diversity/springBoot-diversity)
2020-12-14 11:08:54.918  INFO 66606 --- [           main] c.e.d.services.CSVImportServiceTest      : The following profiles are active: production
2020-12-14 11:08:55.246  INFO 66606 --- [           main] o.s.s.web.DefaultSecurityFilterChain     : Will secure any request with [org.springframework.security.web.context.request.async.WebAsyncManagerIntegrationFilter@d62472f, org.springframework.security.web.context.SecurityContextPersistenceFilter@51f01535, org.springframework.security.web.header.HeaderWriterFilter@22c8ee48, org.springframework.security.web.csrf.CsrfFilter@4cfcac13, org.springframework.security.web.authentication.logout.LogoutFilter@4276ad40, org.springframework.security.web.authentication.UsernamePasswordAuthenticationFilter@21090c88, org.springframework.security.web.savedrequest.RequestCacheAwareFilter@2321e482, org.springframework.security.web.servletapi.SecurityContextHolderAwareRequestFilter@467ef400, org.springframework.security.web.authentication.AnonymousAuthenticationFilter@63a84bb6, org.springframework.security.web.session.SessionManagementFilter@7845b21a, org.springframework.security.web.access.ExceptionTranslationFilter@5c25d0d1, org.springframework.security.web.access.intercept.FilterSecurityInterceptor@1570cad0]
2020-12-14 11:08:55.354  WARN 66606 --- [           main] ion$DefaultTemplateResolverConfiguration : Cannot find template location: classpath:/templates/ (please add some templates or check your Thymeleaf configuration)
2020-12-14 11:08:55.390  INFO 66606 --- [           main] c.e.d.services.CSVImportServiceTest      : Started CSVImportServiceTest in 0.492 seconds (JVM running for 8.639)
2020-12-14 11:08:55.401  INFO 66606 --- [           main] com.zaxxer.hikari.HikariDataSource       : HikariPool-1 - Starting...
2020-12-14 11:08:56.291  INFO 66606 --- [           main] com.zaxxer.hikari.HikariDataSource       : HikariPool-1 - Start completed.
]]></system-out>
  </testcase>
</testsuite>